2023-04-04,23:07:18 [INFO] (app.py:app:248): Parsing config file C:\Users\Fieril Nur Arham\AppData\Local\Programs\Python\Python311\Lib\site-packages\tabpy\tabpy_server\app\..\common\default.conf
2023-04-04,23:07:18 [DEBUG] (app.py:app:209): Parameter port set to "9004" from default value
2023-04-04,23:07:18 [DEBUG] (app.py:app:209): Parameter server_version set to "2.6.0" from default value
2023-04-04,23:07:18 [DEBUG] (app.py:app:209): Parameter evaluate_enabled set to "True" from default value
2023-04-04,23:07:18 [DEBUG] (app.py:app:209): Parameter evaluate_timeout set to "30" from default value
2023-04-04,23:07:18 [DEBUG] (app.py:app:209): Parameter upload_dir set to "C:\Users\Fieril Nur Arham\AppData\Local\Programs\Python\Python311\Lib\site-packages\tabpy\tmp\query_objects" from default value
2023-04-04,23:07:18 [DEBUG] (app.py:app:209): Parameter transfer_protocol set to "http" from default value
2023-04-04,23:07:18 [DEBUG] (app.py:app:216): Parameter certificate_file is not set
2023-04-04,23:07:18 [DEBUG] (app.py:app:216): Parameter key_file is not set
2023-04-04,23:07:18 [DEBUG] (app.py:app:209): Parameter state_file_path set to "C:\Users\Fieril Nur Arham\AppData\Local\Programs\Python\Python311\Lib\site-packages\tabpy\tabpy_server" from default value
2023-04-04,23:07:18 [DEBUG] (app.py:app:209): Parameter static_path set to "C:\Users\Fieril Nur Arham\AppData\Local\Programs\Python\Python311\Lib\site-packages\tabpy\tabpy_server\static" from default value
2023-04-04,23:07:18 [DEBUG] (app.py:app:216): Parameter TABPY_PWD_FILE is not set
2023-04-04,23:07:18 [DEBUG] (app.py:app:209): Parameter log_request_context set to "false" from default value
2023-04-04,23:07:18 [DEBUG] (app.py:app:209): Parameter max_request_size_in_mb set to "100" from default value
2023-04-04,23:07:18 [DEBUG] (app.py:app:209): Parameter gzip_enabled set to "True" from default value
2023-04-04,23:07:18 [DEBUG] (app.py:app:437): File C:\Users\Fieril Nur Arham\AppData\Local\Programs\Python\Python311\Lib\site-packages\tabpy\tabpy_server\state.ini not found, creating from template C:\Users\Fieril Nur Arham\AppData\Local\Programs\Python\Python311\Lib\site-packages\tabpy\tabpy_server\state.ini.template...
2023-04-04,23:07:18 [INFO] (app.py:app:443): Loading state from state file C:\Users\Fieril Nur Arham\AppData\Local\Programs\Python\Python311\Lib\site-packages\tabpy\tabpy_server\state.ini
2023-04-04,23:07:18 [DEBUG] (app.py:app:319): Static pages folder set to "C:\Users\Fieril Nur Arham\AppData\Local\Programs\Python\Python311\Lib\site-packages\tabpy\tabpy_server\static"
2023-04-04,23:07:18 [INFO] (app.py:app:338): Password file is not specified: Authentication is not enabled
2023-04-04,23:07:18 [INFO] (app.py:app:353): Call context logging is disabled
2023-04-04,23:07:18 [INFO] (app.py:app:129): Initializing TabPy...
2023-04-04,23:07:18 [DEBUG] (proactor_events.py:proactor_events:633): Using proactor: IocpProactor
2023-04-04,23:07:18 [INFO] (callbacks.py:callbacks:43): Initializing TabPy Server...
2023-04-04,23:07:18 [DEBUG] (state.py:state:613): Loading option 'None' from section [Query Objects Service Versions]...
2023-04-04,23:07:18 [DEBUG] (state.py:state:635): Returning value '[]'
2023-04-04,23:07:18 [DEBUG] (state.py:state:148): Collected endpoints: {}
2023-04-04,23:07:18 [INFO] (app.py:app:133): Done initializing TabPy.
2023-04-04,23:07:18 [DEBUG] (selector_events.py:selector_events:54): Using selector: SelectSelector
2023-04-04,23:07:18 [INFO] (app.py:app:83): Setting max request size to 104857600 bytes
2023-04-04,23:07:18 [INFO] (callbacks.py:callbacks:64): Initializing models...
2023-04-04,23:07:18 [DEBUG] (state.py:state:613): Loading option 'None' from section [Query Objects Service Versions]...
2023-04-04,23:07:18 [DEBUG] (state.py:state:635): Returning value '[]'
2023-04-04,23:07:18 [DEBUG] (state.py:state:148): Collected endpoints: {}
2023-04-04,23:07:18 [INFO] (app.py:app:110): Web service listening on port 9004
